<?xml version="1.0" encoding="UTF-8"?>
<!-- Generated by org.testng.reporters.JUnitReportReporter -->
<testsuite skipped="0" hostname="Anil-PC" name="Selenium.ListOfProductsVerification" tests="1" failures="0" timestamp="2020-11-27T00:13:48 CET" time="10.302" errors="0">
  <testcase name="verify" time="10.302" classname="Selenium.ListOfProductsVerification"/>
  <system-out/>
</testsuite> <!-- Selenium.ListOfProductsVerification -->
