<?xml version="1.0" encoding="UTF-8"?>
<!-- Generated by org.testng.reporters.JUnitReportReporter -->
<testsuite skipped="0" hostname="Anil-PC" name="Selenium.Letitkode" tests="1" failures="0" timestamp="2020-10-12T22:12:40 CEST" time="46.883" errors="0">
  <testcase name="startup" time="46.883" classname="Selenium.Letitkode"/>
  <system-out/>
</testsuite> <!-- Selenium.Letitkode -->
