<?xml version="1.0" encoding="UTF-8"?>
<!-- Generated by org.testng.reporters.JUnitReportReporter -->
<testsuite skipped="0" hostname="Anil-PC" name="Selenium.TableFilterPractice" tests="1" failures="0" timestamp="2020-11-18T21:51:47 CET" time="23.473" errors="0">
  <testcase name="verify" time="23.473" classname="Selenium.TableFilterPractice"/>
  <system-out/>
</testsuite> <!-- Selenium.TableFilterPractice -->
