<?xml version="1.0" encoding="UTF-8"?>
<!-- Generated by org.testng.reporters.JUnitReportReporter -->
<testsuite skipped="0" hostname="Anil-PC" name="Selenium.ManageIntegerations" tests="1" failures="0" timestamp="2020-10-12T16:12:48 CEST" time="95.879" errors="0">
  <testcase name="manageintegerations" time="95.879" classname="Selenium.ManageIntegerations"/>
  <system-out/>
</testsuite> <!-- Selenium.ManageIntegerations -->
