<?xml version="1.0" encoding="UTF-8"?>
<!-- Generated by org.testng.reporters.JUnitReportReporter -->
<testsuite skipped="0" hostname="Anil-PC" name="Selenium.MenuPractice" tests="1" failures="0" timestamp="2020-12-04T00:06:48 CET" time="19.871" errors="0">
  <testcase name="startup" time="19.871" classname="Selenium.MenuPractice"/>
  <system-out/>
</testsuite> <!-- Selenium.MenuPractice -->
