<?xml version="1.0" encoding="UTF-8"?>
<!-- Generated by org.testng.reporters.JUnitReportReporter -->
<testsuite skipped="0" hostname="Anil-PC" name="Selenium.PracticeSauceLabs" tests="1" failures="0" timestamp="2020-11-23T22:18:58 CET" time="15.383" errors="0">
  <testcase name="startup" time="15.383" classname="Selenium.PracticeSauceLabs"/>
  <system-out/>
</testsuite> <!-- Selenium.PracticeSauceLabs -->
