<?xml version="1.0" encoding="UTF-8"?>
<!-- Generated by org.testng.reporters.JUnitReportReporter -->
<testsuite skipped="0" hostname="Anil-PC" name="Selenium.TestCases_Rikstoto" tests="1" failures="0" timestamp="2020-12-09T10:18:51 CET" time="61.766" errors="0">
  <testcase name="startup" time="61.766" classname="Selenium.TestCases_Rikstoto"/>
  <system-out/>
</testsuite> <!-- Selenium.TestCases_Rikstoto -->
