<?xml version="1.0" encoding="UTF-8"?>
<!-- Generated by org.testng.reporters.JUnitReportReporter -->
<testsuite skipped="0" hostname="Anil-PC" name="Selenium.PriceSortHtoL" tests="1" failures="0" timestamp="2020-11-23T23:33:04 CET" time="10.192" errors="0">
  <testcase name="startup" time="10.192" classname="Selenium.PriceSortHtoL"/>
  <system-out/>
</testsuite> <!-- Selenium.PriceSortHtoL -->
