<?xml version="1.0" encoding="UTF-8"?>
<!-- Generated by org.testng.reporters.JUnitReportReporter -->
<testsuite skipped="0" hostname="Anil-PC" name="Selenium.Verifyaddedproduct" tests="1" failures="0" timestamp="2020-11-27T00:15:22 CET" time="11.205" errors="0">
  <testcase name="verify" time="11.205" classname="Selenium.Verifyaddedproduct"/>
  <system-out/>
</testsuite> <!-- Selenium.Verifyaddedproduct -->
