<?xml version="1.0" encoding="UTF-8"?>
<!-- Generated by org.testng.reporters.JUnitReportReporter -->
<testsuite skipped="0" hostname="Anil-PC" name="Selenium.PriceSortDropdown" tests="1" failures="0" timestamp="2020-11-23T23:30:38 CET" time="10.284" errors="0">
  <testcase name="startup" time="10.284" classname="Selenium.PriceSortDropdown"/>
  <system-out/>
</testsuite> <!-- Selenium.PriceSortDropdown -->
